<?xml version="1.0" encoding="UTF-8"?>
<!-- Generated by org.testng.reporters.JUnitXMLReporter -->
<testsuite hostname="TBS-QA-NEERAJJOSHI" ignored="2" name="BuyProduct" tests="3" failures="0" timestamp="26 Nov 2020 03:36:49 GMT" time="18.334" errors="0">
  <testcase name="Astub" time="0.003" classname="TestScripts.BuyProduct"/>
  <testcase name="_stub" time="0.001" classname="TestScripts.BuyProduct"/>
  <testcase name="astub" time="0.001" classname="TestScripts.BuyProduct"/>
  <testcase name="login" time="0.0" classname="TestScripts.BuyProduct">
    <ignored/>
  </testcase> <!-- login -->
  <testcase name="placeOrder" time="0.0" classname="TestScripts.BuyProduct">
    <ignored/>
  </testcase> <!-- placeOrder -->
</testsuite> <!-- BuyProduct -->
